
> urban-grille-frontend@0.1.0 start
> react-scripts start

Attempting to bind to HOST environment variable: 0.0.0.0
If this was unintentional, check that you haven't mistakenly set it in your shell.
Learn more here: https://cra.link/advanced-config

(node:16313) [DEP_WEBPACK_DEV_SERVER_ON_AFTER_SETUP_MIDDLEWARE] DeprecationWarning: 'onAfterSetupMiddleware' option is deprecated. Please use the 'setupMiddlewares' option.
(Use `node --trace-deprecation ...` to show where the warning was created)
(node:16313) [DEP_WEBPACK_DEV_SERVER_ON_BEFORE_SETUP_MIDDLEWARE] DeprecationWarning: 'onBeforeSetupMiddleware' option is deprecated. Please use the 'setupMiddlewares' option.
Starting the development server...

Compiled successfully!

You can now view urban-grille-frontend in the browser.

  Local:            http://localhost:3000
  On Your Network:  http://192.168.8.246:3000

Note that the development build is not optimized.
To create a production build, use npm run build.

webpack compiled successfully
Files successfully emitted, waiting for typecheck results...
Issues checking in progress...
No issues found.
Failed to compile.

Module not found: Error: Can't resolve '/home/cyber/Desktop/team1/urban-grille/frontend/node_modules/@pmmmwh/react-refresh-webpack-plugin/client/ReactRefreshEntry.js' in '/home/cyber/Desktop/team1/urban-grille/frontend'
ERROR in Module not found: Error: Can't resolve '/home/cyber/Desktop/team1/urban-grille/frontend/node_modules/@pmmmwh/react-refresh-webpack-plugin/client/ReactRefreshEntry.js' in '/home/cyber/Desktop/team1/urban-grille/frontend'

ERROR in main
Module not found: Error: Can't resolve '/home/cyber/Desktop/team1/urban-grille/frontend/node_modules/babel-loader/lib/index.js' in '/home/cyber/Desktop/team1/urban-grille/frontend'

ERROR in Module not found: Error: Can't resolve '/home/cyber/Desktop/team1/urban-grille/frontend/node_modules/webpack-dev-server/client/index.js?protocol=ws%3A&hostname=0.0.0.0&port=3000&pathname=%2Fws&logging=none&overlay=%7B%22errors%22%3Atrue%2C%22warnings%22%3Afalse%7D&reconnect=10&hot=true&live-reload=true' in '/home/cyber/Desktop/team1/urban-grille/frontend'

ERROR in Module not found: Error: Can't resolve '/home/cyber/Desktop/team1/urban-grille/frontend/node_modules/webpack/hot/dev-server.js' in '/home/cyber/Desktop/team1/urban-grille/frontend'

ERROR in Error: Child compilation failed:
Module not found: Error: Can't resolve '/home/cyber/Desktop/team1/urban-grille/frontend/node_modules/html-webpack-plugin/lib/loader.js' in '/home/cyber/Desktop/team1/urban-grille/frontend'
ModuleNotFoundError: Module not found: Error: Can't resolve '/home/cyber/Desktop/team1/urban-grille/frontend/node_modules/html-webpack-plugin/lib/loader.js' in '/home/cyber/Desktop/team1/urban-grille/frontend'
    at /home/cyber/Desktop/team1/urban-grille/frontend/node_modules/webpack/lib/Compilation.js:2052:28
    at /home/cyber/Desktop/team1/urban-grille/frontend/node_modules/webpack/lib/NormalModuleFactory.js:1031:13
    at eval (eval at create (/home/cyber/Desktop/team1/urban-grille/frontend/node_modules/tapable/lib/HookCodeFactory.js:31:10), <anonymous>:10:1)
    at /home/cyber/Desktop/team1/urban-grille/frontend/node_modules/webpack/lib/NormalModuleFactory.js:432:22
    at eval (eval at create (/home/cyber/Desktop/team1/urban-grille/frontend/node_modules/tapable/lib/HookCodeFactory.js:31:10), <anonymous>:9:1)
    at /home/cyber/Desktop/team1/urban-grille/frontend/node_modules/webpack/lib/NormalModuleFactory.js:617:22
    at /home/cyber/Desktop/team1/urban-grille/frontend/node_modules/webpack/lib/NormalModuleFactory.js:179:10
    at /home/cyber/Desktop/team1/urban-grille/frontend/node_modules/webpack/lib/NormalModuleFactory.js:849:23
    at /home/cyber/Desktop/team1/urban-grille/frontend/node_modules/webpack/lib/NormalModuleFactory.js:1341:5
    at /home/cyber/Desktop/team1/urban-grille/frontend/node_modules/neo-async/async.js:2830:7

1 ERROR in child compilations (Use 'stats.children: true' resp. '--stats-children' for more details)
webpack compiled with 6 errors
No issues found.
Compiling...
Failed to compile.

Module not found: Error: Can't resolve '/home/cyber/Desktop/team1/urban-grille/frontend/node_modules/@pmmmwh/react-refresh-webpack-plugin/client/ReactRefreshEntry.js' in '/home/cyber/Desktop/team1/urban-grille/frontend'
ERROR in Module not found: Error: Can't resolve '/home/cyber/Desktop/team1/urban-grille/frontend/node_modules/@pmmmwh/react-refresh-webpack-plugin/client/ReactRefreshEntry.js' in '/home/cyber/Desktop/team1/urban-grille/frontend'

ERROR in main
Module not found: Error: Can't resolve '/home/cyber/Desktop/team1/urban-grille/frontend/node_modules/babel-loader/lib/index.js' in '/home/cyber/Desktop/team1/urban-grille/frontend'

ERROR in Module not found: Error: Can't resolve '/home/cyber/Desktop/team1/urban-grille/frontend/node_modules/webpack-dev-server/client/index.js?protocol=ws%3A&hostname=0.0.0.0&port=3000&pathname=%2Fws&logging=none&overlay=%7B%22errors%22%3Atrue%2C%22warnings%22%3Afalse%7D&reconnect=10&hot=true&live-reload=true' in '/home/cyber/Desktop/team1/urban-grille/frontend'

ERROR in Module not found: Error: Can't resolve '/home/cyber/Desktop/team1/urban-grille/frontend/node_modules/webpack/hot/dev-server.js' in '/home/cyber/Desktop/team1/urban-grille/frontend'

ERROR in Error: Child compilation failed:
Module not found: Error: Can't resolve '/home/cyber/Desktop/team1/urban-grille/frontend/node_modules/html-webpack-plugin/lib/loader.js' in '/home/cyber/Desktop/team1/urban-grille/frontend'
ModuleNotFoundError: Module not found: Error: Can't resolve '/home/cyber/Desktop/team1/urban-grille/frontend/node_modules/html-webpack-plugin/lib/loader.js' in '/home/cyber/Desktop/team1/urban-grille/frontend'
    at /home/cyber/Desktop/team1/urban-grille/frontend/node_modules/webpack/lib/Compilation.js:2052:28
    at /home/cyber/Desktop/team1/urban-grille/frontend/node_modules/webpack/lib/NormalModuleFactory.js:1031:13
    at eval (eval at create (/home/cyber/Desktop/team1/urban-grille/frontend/node_modules/tapable/lib/HookCodeFactory.js:31:10), <anonymous>:10:1)
    at /home/cyber/Desktop/team1/urban-grille/frontend/node_modules/webpack/lib/NormalModuleFactory.js:432:22
    at eval (eval at create (/home/cyber/Desktop/team1/urban-grille/frontend/node_modules/tapable/lib/HookCodeFactory.js:31:10), <anonymous>:9:1)
    at /home/cyber/Desktop/team1/urban-grille/frontend/node_modules/webpack/lib/NormalModuleFactory.js:617:22
    at /home/cyber/Desktop/team1/urban-grille/frontend/node_modules/webpack/lib/NormalModuleFactory.js:179:10
    at /home/cyber/Desktop/team1/urban-grille/frontend/node_modules/webpack/lib/NormalModuleFactory.js:849:23
    at /home/cyber/Desktop/team1/urban-grille/frontend/node_modules/webpack/lib/NormalModuleFactory.js:1341:5
    at /home/cyber/Desktop/team1/urban-grille/frontend/node_modules/neo-async/async.js:2830:7

webpack compiled with 5 errors
No issues found.
